<?xml version="1.0" encoding="UTF-8"?>
<!-- Generated by org.testng.reporters.JUnitXMLReporter -->
<testsuite hostname="HIH-D-5576" name="KaolaAccount" tests="5" failures="0" timestamp="17 Aug 2015 12:22:31 GMT" time="0.094" errors="0">
  <testcase name="accountActivity" time="0.022" classname="com.ntes.interfacetest.demo.KaolaAccount"/>
  <testcase name="accountActivity" time="0.018" classname="com.ntes.interfacetest.demo.KaolaAccount"/>
  <testcase name="accountActivity" time="0.015" classname="com.ntes.interfacetest.demo.KaolaAccount"/>
  <testcase name="accountActivity" time="0.018" classname="com.ntes.interfacetest.demo.KaolaAccount"/>
  <testcase name="accountActivity" time="0.012" classname="com.ntes.interfacetest.demo.KaolaAccount"/>
</testsuite> <!-- KaolaAccount -->
