<?xml version="1.0" encoding="UTF-8"?>
<!-- Generated by org.testng.reporters.JUnitXMLReporter -->
<testsuite hostname="HIH-D-5576" name="Default test" tests="4" failures="0" timestamp="17 Aug 2015 12:19:09 GMT" time="0.377" errors="0">
  <testcase name="test" time="0.281" classname="com.ntes.interfacetest.demo.BrandTest"/>
  <testcase name="test" time="0.017" classname="com.ntes.interfacetest.demo.BrandTest"/>
  <testcase name="test" time="0.024" classname="com.ntes.interfacetest.demo.BrandTest"/>
  <testcase name="test" time="0.016" classname="com.ntes.interfacetest.demo.BrandTest"/>
</testsuite> <!-- Default test -->
